# JRE version: OpenJDK Runtime Environment (7.0_91-b02) (build 1.7.0_91-b02)
# Java VM: OpenJDK 64-Bit Server VM (24.91-b01 mixed mode linux-amd64 compressed oops)
Heap
 PSYoungGen      total 196096K, used 0K [0x00000000eaa80000, 0x00000000fd180000, 0x0000000100000000)
  eden space 115712K, 0% used [0x00000000eaa80000,0x00000000eaa80000,0x00000000f1b80000)
  from space 80384K, 0% used [0x00000000f1b80000,0x00000000f1b80000,0x00000000f6a00000)
  to   space 83968K, 0% used [0x00000000f7f80000,0x00000000f7f80000,0x00000000fd180000)
 ParOldGen       total 182784K, used 171243K [0x00000000c0000000, 0x00000000cb280000, 0x00000000eaa80000)
  object space 182784K, 93% used [0x00000000c0000000,0x00000000ca73aec8,0x00000000cb280000)
 PSPermGen       total 21504K, used 6276K [0x00000000b5a00000, 0x00000000b6f00000, 0x00000000c0000000)
  object space 21504K, 29% used [0x00000000b5a00000,0x00000000b60210a0,0x00000000b6f00000)
GC Heap History (10 events):
Event: 28,152 GC heap after
Heap after GC invocations=12 (full 2):
 PSYoungGen      total 172544K, used 52736K [0x00000000eaa80000, 0x00000000fa180000, 0x0000000100000000)
  eden space 119808K, 0% used [0x00000000eaa80000,0x00000000eaa80000,0x00000000f1f80000)
  from space 52736K, 100% used [0x00000000f6300000,0x00000000f9680000,0x00000000f9680000)
  to   space 66560K, 0% used [0x00000000f1f80000,0x00000000f1f80000,0x00000000f6080000)
 ParOldGen       total 175104K, used 102042K [0x00000000c0000000, 0x00000000cab00000, 0x00000000eaa80000)
  object space 175104K, 58% used [0x00000000c0000000,0x00000000c63a6990,0x00000000cab00000)
 PSPermGen       total 21504K, used 6268K [0x00000000b5a00000, 0x00000000b6f00000, 0x00000000c0000000)
  object space 21504K, 29% used [0x00000000b5a00000,0x00000000b601f190,0x00000000b6f00000)
}
Event: 34,129 GC heap before
{Heap before GC invocations=13 (full 2):
 PSYoungGen      total 172544K, used 172544K [0x00000000eaa80000, 0x00000000fa180000, 0x0000000100000000)
  eden space 119808K, 100% used [0x00000000eaa80000,0x00000000f1f80000,0x00000000f1f80000)
  from space 52736K, 100% used [0x00000000f6300000,0x00000000f9680000,0x00000000f9680000)
  to   space 66560K, 0% used [0x00000000f1f80000,0x00000000f1f80000,0x00000000f6080000)
 ParOldGen       total 175104K, used 102042K [0x00000000c0000000, 0x00000000cab00000, 0x00000000eaa80000)
  object space 175104K, 58% used [0x00000000c0000000,0x00000000c63a6990,0x00000000cab00000)
 PSPermGen       total 21504K, used 6272K [0x00000000b5a00000, 0x00000000b6f00000, 0x00000000c0000000)
  object space 21504K, 29% used [0x00000000b5a00000,0x00000000b60202c8,0x00000000b6f00000)
Event: 34,406 GC heap after
Heap after GC invocations=13 (full 2):
 PSYoungGen      total 186368K, used 34830K [0x00000000eaa80000, 0x00000000fab00000, 0x0000000100000000)
  eden space 119808K, 0% used [0x00000000eaa80000,0x00000000eaa80000,0x00000000f1f80000)
  from space 66560K, 52% used [0x00000000f1f80000,0x00000000f4183a38,0x00000000f6080000)
  to   space 66560K, 0% used [0x00000000f6a00000,0x00000000f6a00000,0x00000000fab00000)
 ParOldGen       total 175104K, used 153210K [0x00000000c0000000, 0x00000000cab00000, 0x00000000eaa80000)
  object space 175104K, 87% used [0x00000000c0000000,0x00000000c959e940,0x00000000cab00000)
 PSPermGen       total 21504K, used 6272K [0x00000000b5a00000, 0x00000000b6f00000, 0x00000000c0000000)
  object space 21504K, 29% used [0x00000000b5a00000,0x00000000b60202c8,0x00000000b6f00000)
}
Event: 34,406 GC heap before
{Heap before GC invocations=14 (full 3):
 PSYoungGen      total 186368K, used 34830K [0x00000000eaa80000, 0x00000000fab00000, 0x0000000100000000)
  eden space 119808K, 0% used [0x00000000eaa80000,0x00000000eaa80000,0x00000000f1f80000)
  from space 66560K, 52% used [0x00000000f1f80000,0x00000000f4183a38,0x00000000f6080000)
  to   space 66560K, 0% used [0x00000000f6a00000,0x00000000f6a00000,0x00000000fab00000)
 ParOldGen       total 175104K, used 153210K [0x00000000c0000000, 0x00000000cab00000, 0x00000000eaa80000)
  object space 175104K, 87% used [0x00000000c0000000,0x00000000c959e940,0x00000000cab00000)
 PSPermGen       total 21504K, used 6272K [0x00000000b5a00000, 0x00000000b6f00000, 0x00000000c0000000)
  object space 21504K, 29% used [0x00000000b5a00000,0x00000000b60202c8,0x00000000b6f00000)
Event: 35,548 GC heap after
Heap after GC invocations=14 (full 3):
 PSYoungGen      total 186368K, used 0K [0x00000000eaa80000, 0x00000000fab00000, 0x0000000100000000)
  eden space 119808K, 0% used [0x00000000eaa80000,0x00000000eaa80000,0x00000000f1f80000)
  from space 66560K, 0% used [0x00000000f1f80000,0x00000000f1f80000,0x00000000f6080000)
  to   space 66560K, 0% used [0x00000000f6a00000,0x00000000f6a00000,0x00000000fab00000)
 ParOldGen       total 182784K, used 60248K [0x00000000c0000000, 0x00000000cb280000, 0x00000000eaa80000)
  object space 182784K, 32% used [0x00000000c0000000,0x00000000c3ad6078,0x00000000cb280000)
 PSPermGen       total 21504K, used 6271K [0x00000000b5a00000, 0x00000000b6f00000, 0x00000000c0000000)
  object space 21504K, 29% used [0x00000000b5a00000,0x00000000b601ff48,0x00000000b6f00000)
}
Event: 39,205 GC heap before
{Heap before GC invocations=15 (full 3):
 PSYoungGen      total 186368K, used 119808K [0x00000000eaa80000, 0x00000000fab00000, 0x0000000100000000)
  eden space 119808K, 100% used [0x00000000eaa80000,0x00000000f1f80000,0x00000000f1f80000)
  from space 66560K, 0% used [0x00000000f1f80000,0x00000000f1f80000,0x00000000f6080000)
  to   space 66560K, 0% used [0x00000000f6a00000,0x00000000f6a00000,0x00000000fab00000)
 ParOldGen       total 182784K, used 60248K [0x00000000c0000000, 0x00000000cb280000, 0x00000000eaa80000)
  object space 182784K, 32% used [0x00000000c0000000,0x00000000c3ad6078,0x00000000cb280000)
 PSPermGen       total 21504K, used 6276K [0x00000000b5a00000, 0x00000000b6f00000, 0x00000000c0000000)
  object space 21504K, 29% used [0x00000000b5a00000,0x00000000b6021180,0x00000000b6f00000)
Event: 39,430 GC heap after
Heap after GC invocations=15 (full 3):
 PSYoungGen      total 182272K, used 66555K [0x00000000eaa80000, 0x00000000fc780000, 0x0000000100000000)
  eden space 115712K, 0% used [0x00000000eaa80000,0x00000000eaa80000,0x00000000f1b80000)
  from space 66560K, 99% used [0x00000000f6a00000,0x00000000faafee20,0x00000000fab00000)
  to   space 80384K, 0% used [0x00000000f1b80000,0x00000000f1b80000,0x00000000f6a00000)
 ParOldGen       total 182784K, used 65802K [0x00000000c0000000, 0x00000000cb280000, 0x00000000eaa80000)
  object space 182784K, 36% used [0x00000000c0000000,0x00000000c4042988,0x00000000cb280000)
 PSPermGen       total 21504K, used 6276K [0x00000000b5a00000, 0x00000000b6f00000, 0x00000000c0000000)
  object space 21504K, 29% used [0x00000000b5a00000,0x00000000b6021180,0x00000000b6f00000)
}
Event: 40,049 GC heap before
{Heap before GC invocations=16 (full 3):
 PSYoungGen      total 182272K, used 182267K [0x00000000eaa80000, 0x00000000fc780000, 0x0000000100000000)
  eden space 115712K, 100% used [0x00000000eaa80000,0x00000000f1b80000,0x00000000f1b80000)
  from space 66560K, 99% used [0x00000000f6a00000,0x00000000faafee20,0x00000000fab00000)
  to   space 80384K, 0% used [0x00000000f1b80000,0x00000000f1b80000,0x00000000f6a00000)
 ParOldGen       total 182784K, used 65802K [0x00000000c0000000, 0x00000000cb280000, 0x00000000eaa80000)
  object space 182784K, 36% used [0x00000000c0000000,0x00000000c4042988,0x00000000cb280000)
 PSPermGen       total 21504K, used 6276K [0x00000000b5a00000, 0x00000000b6f00000, 0x00000000c0000000)
  object space 21504K, 29% used [0x00000000b5a00000,0x00000000b60211c0,0x00000000b6f00000)
Event: 40,258 GC heap after
Heap after GC invocations=16 (full 3):
 PSYoungGen      total 196096K, used 51870K [0x00000000eaa80000, 0x00000000fd180000, 0x0000000100000000)
  eden space 115712K, 0% used [0x00000000eaa80000,0x00000000eaa80000,0x00000000f1b80000)
  from space 80384K, 64% used [0x00000000f1b80000,0x00000000f4e27b70,0x00000000f6a00000)
  to   space 83968K, 0% used [0x00000000f7f80000,0x00000000f7f80000,0x00000000fd180000)
 ParOldGen       total 182784K, used 134042K [0x00000000c0000000, 0x00000000cb280000, 0x00000000eaa80000)
  object space 182784K, 73% used [0x00000000c0000000,0x00000000c82e68b0,0x00000000cb280000)
 PSPermGen       total 21504K, used 6276K [0x00000000b5a00000, 0x00000000b6f00000, 0x00000000c0000000)
  object space 21504K, 29% used [0x00000000b5a00000,0x00000000b60211c0,0x00000000b6f00000)
}
Event: 40,258 GC heap before
{Heap before GC invocations=17 (full 4):
 PSYoungGen      total 196096K, used 51870K [0x00000000eaa80000, 0x00000000fd180000, 0x0000000100000000)
  eden space 115712K, 0% used [0x00000000eaa80000,0x00000000eaa80000,0x00000000f1b80000)
  from space 80384K, 64% used [0x00000000f1b80000,0x00000000f4e27b70,0x00000000f6a00000)
  to   space 83968K, 0% used [0x00000000f7f80000,0x00000000f7f80000,0x00000000fd180000)
 ParOldGen       total 182784K, used 134042K [0x00000000c0000000, 0x00000000cb280000, 0x00000000eaa80000)
  object space 182784K, 73% used [0x00000000c0000000,0x00000000c82e68b0,0x00000000cb280000)
 PSPermGen       total 21504K, used 6276K [0x00000000b5a00000, 0x00000000b6f00000, 0x00000000c0000000)
  object space 21504K, 29% used [0x00000000b5a00000,0x00000000b60211c0,0x00000000b6f00000)

