# JRE version: OpenJDK Runtime Environment (7.0_91-b02) (build 1.7.0_91-b02)
# Java VM: OpenJDK 64-Bit Server VM (24.91-b01 mixed mode linux-amd64 compressed oops)
Heap
 PSYoungGen      total 146432K, used 47615K [0x00000000eaa80000, 0x00000000f6800000, 0x0000000100000000)
  eden space 98816K, 0% used [0x00000000eaa80000,0x00000000eaa80000,0x00000000f0b00000)
  from space 47616K, 99% used [0x00000000f0b00000,0x00000000f397fd80,0x00000000f3980000)
  to   space 43520K, 0% used [0x00000000f3d80000,0x00000000f3d80000,0x00000000f6800000)
 ParOldGen       total 100352K, used 48611K [0x00000000c0000000, 0x00000000c6200000, 0x00000000eaa80000)
  object space 100352K, 48% used [0x00000000c0000000,0x00000000c2f78d90,0x00000000c6200000)
 PSPermGen       total 21504K, used 7299K [0x00000000b5a00000, 0x00000000b6f00000, 0x00000000c0000000)
  object space 21504K, 33% used [0x00000000b5a00000,0x00000000b6120c08,0x00000000b6f00000)
GC Heap History (10 events):
Event: 1,064 GC heap after
Heap after GC invocations=3 (full 0):
 PSYoungGen      total 34304K, used 2559K [0x00000000eaa80000, 0x00000000eed80000, 0x0000000100000000)
  eden space 31744K, 0% used [0x00000000eaa80000,0x00000000eaa80000,0x00000000ec980000)
  from space 2560K, 99% used [0x00000000ec980000,0x00000000ecbfff38,0x00000000ecc00000)
  to   space 2560K, 0% used [0x00000000eeb00000,0x00000000eeb00000,0x00000000eed80000)
 ParOldGen       total 41984K, used 12797K [0x00000000c0000000, 0x00000000c2900000, 0x00000000eaa80000)
  object space 41984K, 30% used [0x00000000c0000000,0x00000000c0c7f498,0x00000000c2900000)
 PSPermGen       total 21504K, used 6076K [0x00000000b5a00000, 0x00000000b6f00000, 0x00000000c0000000)
  object space 21504K, 28% used [0x00000000b5a00000,0x00000000b5fef390,0x00000000b6f00000)
}
Event: 2,454 GC heap before
{Heap before GC invocations=4 (full 0):
 PSYoungGen      total 34304K, used 34303K [0x00000000eaa80000, 0x00000000eed80000, 0x0000000100000000)
  eden space 31744K, 100% used [0x00000000eaa80000,0x00000000ec980000,0x00000000ec980000)
  from space 2560K, 99% used [0x00000000ec980000,0x00000000ecbfff38,0x00000000ecc00000)
  to   space 2560K, 0% used [0x00000000eeb00000,0x00000000eeb00000,0x00000000eed80000)
 ParOldGen       total 41984K, used 12797K [0x00000000c0000000, 0x00000000c2900000, 0x00000000eaa80000)
  object space 41984K, 30% used [0x00000000c0000000,0x00000000c0c7f498,0x00000000c2900000)
 PSPermGen       total 21504K, used 6818K [0x00000000b5a00000, 0x00000000b6f00000, 0x00000000c0000000)
  object space 21504K, 31% used [0x00000000b5a00000,0x00000000b60a8b68,0x00000000b6f00000)
Event: 2,549 GC heap after
Heap after GC invocations=4 (full 0):
 PSYoungGen      total 66048K, used 2545K [0x00000000eaa80000, 0x00000000eed80000, 0x0000000100000000)
  eden space 63488K, 0% used [0x00000000eaa80000,0x00000000eaa80000,0x00000000ee880000)
  from space 2560K, 99% used [0x00000000eeb00000,0x00000000eed7c550,0x00000000eed80000)
  to   space 2560K, 0% used [0x00000000ee880000,0x00000000ee880000,0x00000000eeb00000)
 ParOldGen       total 69632K, used 68113K [0x00000000c0000000, 0x00000000c4400000, 0x00000000eaa80000)
  object space 69632K, 97% used [0x00000000c0000000,0x00000000c42847d8,0x00000000c4400000)
 PSPermGen       total 21504K, used 6818K [0x00000000b5a00000, 0x00000000b6f00000, 0x00000000c0000000)
  object space 21504K, 31% used [0x00000000b5a00000,0x00000000b60a8b68,0x00000000b6f00000)
}
Event: 2,549 GC heap before
{Heap before GC invocations=5 (full 1):
 PSYoungGen      total 66048K, used 2545K [0x00000000eaa80000, 0x00000000eed80000, 0x0000000100000000)
  eden space 63488K, 0% used [0x00000000eaa80000,0x00000000eaa80000,0x00000000ee880000)
  from space 2560K, 99% used [0x00000000eeb00000,0x00000000eed7c550,0x00000000eed80000)
  to   space 2560K, 0% used [0x00000000ee880000,0x00000000ee880000,0x00000000eeb00000)
 ParOldGen       total 69632K, used 68113K [0x00000000c0000000, 0x00000000c4400000, 0x00000000eaa80000)
  object space 69632K, 97% used [0x00000000c0000000,0x00000000c42847d8,0x00000000c4400000)
 PSPermGen       total 21504K, used 6818K [0x00000000b5a00000, 0x00000000b6f00000, 0x00000000c0000000)
  object space 21504K, 31% used [0x00000000b5a00000,0x00000000b60a8b68,0x00000000b6f00000)
Event: 2,612 GC heap after
Heap after GC invocations=5 (full 1):
 PSYoungGen      total 66048K, used 0K [0x00000000eaa80000, 0x00000000eed80000, 0x0000000100000000)
  eden space 63488K, 0% used [0x00000000eaa80000,0x00000000eaa80000,0x00000000ee880000)
  from space 2560K, 0% used [0x00000000eeb00000,0x00000000eeb00000,0x00000000eed80000)
  to   space 2560K, 0% used [0x00000000ee880000,0x00000000ee880000,0x00000000eeb00000)
 ParOldGen       total 100352K, used 30405K [0x00000000c0000000, 0x00000000c6200000, 0x00000000eaa80000)
  object space 100352K, 30% used [0x00000000c0000000,0x00000000c1db1670,0x00000000c6200000)
 PSPermGen       total 21504K, used 6816K [0x00000000b5a00000, 0x00000000b6f00000, 0x00000000c0000000)
  object space 21504K, 31% used [0x00000000b5a00000,0x00000000b60a8348,0x00000000b6f00000)
}
Event: 3,642 GC heap before
{Heap before GC invocations=6 (full 1):
 PSYoungGen      total 66048K, used 63488K [0x00000000eaa80000, 0x00000000eed80000, 0x0000000100000000)
  eden space 63488K, 100% used [0x00000000eaa80000,0x00000000ee880000,0x00000000ee880000)
  from space 2560K, 0% used [0x00000000eeb00000,0x00000000eeb00000,0x00000000eed80000)
  to   space 2560K, 0% used [0x00000000ee880000,0x00000000ee880000,0x00000000eeb00000)
 ParOldGen       total 100352K, used 30405K [0x00000000c0000000, 0x00000000c6200000, 0x00000000eaa80000)
  object space 100352K, 30% used [0x00000000c0000000,0x00000000c1db1670,0x00000000c6200000)
 PSPermGen       total 21504K, used 7245K [0x00000000b5a00000, 0x00000000b6f00000, 0x00000000c0000000)
  object space 21504K, 33% used [0x00000000b5a00000,0x00000000b61137b8,0x00000000b6f00000)
Event: 3,648 GC heap after
Heap after GC invocations=6 (full 1):
 PSYoungGen      total 66048K, used 2558K [0x00000000eaa80000, 0x00000000f6d80000, 0x0000000100000000)
  eden space 63488K, 0% used [0x00000000eaa80000,0x00000000eaa80000,0x00000000ee880000)
  from space 2560K, 99% used [0x00000000ee880000,0x00000000eeaff9c0,0x00000000eeb00000)
  to   space 49152K, 0% used [0x00000000f3d80000,0x00000000f3d80000,0x00000000f6d80000)
 ParOldGen       total 100352K, used 31836K [0x00000000c0000000, 0x00000000c6200000, 0x00000000eaa80000)
  object space 100352K, 31% used [0x00000000c0000000,0x00000000c1f17288,0x00000000c6200000)
 PSPermGen       total 21504K, used 7245K [0x00000000b5a00000, 0x00000000b6f00000, 0x00000000c0000000)
  object space 21504K, 33% used [0x00000000b5a00000,0x00000000b61137b8,0x00000000b6f00000)
}
Event: 4,067 GC heap before
{Heap before GC invocations=7 (full 1):
 PSYoungGen      total 66048K, used 66046K [0x00000000eaa80000, 0x00000000f6d80000, 0x0000000100000000)
  eden space 63488K, 100% used [0x00000000eaa80000,0x00000000ee880000,0x00000000ee880000)
  from space 2560K, 99% used [0x00000000ee880000,0x00000000eeaff9c0,0x00000000eeb00000)
  to   space 49152K, 0% used [0x00000000f3d80000,0x00000000f3d80000,0x00000000f6d80000)
 ParOldGen       total 100352K, used 31836K [0x00000000c0000000, 0x00000000c6200000, 0x00000000eaa80000)
  object space 100352K, 31% used [0x00000000c0000000,0x00000000c1f17288,0x00000000c6200000)
 PSPermGen       total 21504K, used 7290K [0x00000000b5a00000, 0x00000000b6f00000, 0x00000000c0000000)
  object space 21504K, 33% used [0x00000000b5a00000,0x00000000b611ebe8,0x00000000b6f00000)
Event: 4,073 GC heap after
Heap after GC invocations=7 (full 1):
 PSYoungGen      total 142336K, used 2974K [0x00000000eaa80000, 0x00000000f6800000, 0x0000000100000000)
  eden space 98816K, 0% used [0x00000000eaa80000,0x00000000eaa80000,0x00000000f0b00000)
  from space 43520K, 6% used [0x00000000f3d80000,0x00000000f40679d8,0x00000000f6800000)
  to   space 47616K, 0% used [0x00000000f0b00000,0x00000000f0b00000,0x00000000f3980000)
 ParOldGen       total 100352K, used 31844K [0x00000000c0000000, 0x00000000c6200000, 0x00000000eaa80000)
  object space 100352K, 31% used [0x00000000c0000000,0x00000000c1f19288,0x00000000c6200000)
 PSPermGen       total 21504K, used 7290K [0x00000000b5a00000, 0x00000000b6f00000, 0x00000000c0000000)
  object space 21504K, 33% used [0x00000000b5a00000,0x00000000b611ebe8,0x00000000b6f00000)
}
Event: 4,528 GC heap before
{Heap before GC invocations=8 (full 1):
 PSYoungGen      total 142336K, used 101790K [0x00000000eaa80000, 0x00000000f6800000, 0x0000000100000000)
  eden space 98816K, 100% used [0x00000000eaa80000,0x00000000f0b00000,0x00000000f0b00000)
  from space 43520K, 6% used [0x00000000f3d80000,0x00000000f40679d8,0x00000000f6800000)
  to   space 47616K, 0% used [0x00000000f0b00000,0x00000000f0b00000,0x00000000f3980000)
 ParOldGen       total 100352K, used 31844K [0x00000000c0000000, 0x00000000c6200000, 0x00000000eaa80000)
  object space 100352K, 31% used [0x00000000c0000000,0x00000000c1f19288,0x00000000c6200000)
 PSPermGen       total 21504K, used 7299K [0x00000000b5a00000, 0x00000000b6f00000, 0x00000000c0000000)
  object space 21504K, 33% used [0x00000000b5a00000,0x00000000b6120c08,0x00000000b6f00000)

